build/intermediates/manifest_merge_blame_file/debug/manifest-merger-blame-debug-report.txt
1<?xml version="1.0" encoding="utf-8"?>
2<manifest xmlns:android="http://schemas.android.com/apk/res/android"
3    package="com.smartserve.consumer"
4    android:versionCode="1"
5    android:versionName="1.0" >
6
7    <uses-sdk
8        android:minSdkVersion="21"
8-->src\main\AndroidManifest.xml
9        android:targetSdkVersion="29" />
9-->src\main\AndroidManifest.xml
10
11    <uses-permission android:name="android.permission.INTERNET" />
11-->src\main\AndroidManifest.xml:6:5-67
11-->src\main\AndroidManifest.xml:6:22-64
12    <uses-permission android:name="android.permission.ACCESS_NETWORK_STATE" />
12-->src\main\AndroidManifest.xml:7:5-79
12-->src\main\AndroidManifest.xml:7:22-76
13    <uses-permission android:name="android.permission.READ_EXTERNAL_STORAGE" />
13-->src\main\AndroidManifest.xml:8:5-80
13-->src\main\AndroidManifest.xml:8:22-77
14    <uses-permission android:name="android.permission.READ_PRIVILEGED_PHONE_STATE" />
14-->src\main\AndroidManifest.xml:9:5-11:47
14-->src\main\AndroidManifest.xml:10:9-70
15    <uses-permission android:name="android.permission.WRITE_EXTERNAL_STORAGE" />
15-->src\main\AndroidManifest.xml:12:5-81
15-->src\main\AndroidManifest.xml:12:22-78
16    <uses-permission android:name="android.permission.ACCESS_FINE_LOCATION" />
16-->src\main\AndroidManifest.xml:13:5-79
16-->src\main\AndroidManifest.xml:13:22-76
17    <uses-permission android:name="android.permission.ACCESS_COARSE_LOCATION" />
17-->src\main\AndroidManifest.xml:14:5-81
17-->src\main\AndroidManifest.xml:14:22-78
18    <uses-permission android:name="android.permission.READ_PHONE_STATE" />
18-->src\main\AndroidManifest.xml:15:5-75
18-->src\main\AndroidManifest.xml:15:22-72
19    <uses-permission android:name="android.permission.CAMERA" />
19-->[com.github.nguyenhoanglam:ImagePicker:1.3.0] AndroidManifest.xml:12:5-65
19-->[com.github.nguyenhoanglam:ImagePicker:1.3.0] AndroidManifest.xml:12:22-62
20    <uses-permission android:name="android.permission.WAKE_LOCK" />
20-->[com.github.nguyenhoanglam:ImagePicker:1.3.0] AndroidManifest.xml:13:5-68
20-->[com.github.nguyenhoanglam:ImagePicker:1.3.0] AndroidManifest.xml:13:22-65
21
22    <uses-feature android:name="android.hardware.camera" />
22-->[com.edwardvanraak:MaterialBarcodeScanner:0.0.6-ALPHA] AndroidManifest.xml:11:5-60
22-->[com.edwardvanraak:MaterialBarcodeScanner:0.0.6-ALPHA] AndroidManifest.xml:11:19-57
23
24    <uses-permission android:name="android.permission.ACCESS_WIFI_STATE" />
24-->[com.google.android.libraries.places:places:2.2.0] AndroidManifest.xml:10:5-76
24-->[com.google.android.libraries.places:places:2.2.0] AndroidManifest.xml:10:22-73
25    <uses-permission android:name="com.google.android.providers.gsf.permission.READ_GSERVICES" />
25-->[io.nlopez.smartlocation:library:3.3.3] AndroidManifest.xml:15:5-98
25-->[io.nlopez.smartlocation:library:3.3.3] AndroidManifest.xml:15:22-95
26    <uses-permission android:name="com.google.android.gms.permission.ACTIVITY_RECOGNITION" />
26-->[io.nlopez.smartlocation:library:3.3.3] AndroidManifest.xml:16:5-94
26-->[io.nlopez.smartlocation:library:3.3.3] AndroidManifest.xml:16:22-91
27
28    <uses-feature
28-->[com.google.android.gms:play-services-maps:17.0.0] AndroidManifest.xml:26:5-28:35
29        android:glEsVersion="0x00020000"
29-->[com.google.android.gms:play-services-maps:17.0.0] AndroidManifest.xml:27:9-41
30        android:required="true" /> <!-- Step 1: Add the following permission to the app -->
30-->[com.google.android.gms:play-services-maps:17.0.0] AndroidManifest.xml:28:9-32
31    <uses-permission android:name="android.permission.USE_BIOMETRIC" /> <!-- Step 2: This permission is depreciated in Android P -->
31-->[com.an.biometric:biometric-auth:0.1.0] AndroidManifest.xml:12:5-72
31-->[com.an.biometric:biometric-auth:0.1.0] AndroidManifest.xml:12:22-69
32    <uses-permission android:name="android.permission.USE_FINGERPRINT" /> <!-- Required by older versions of Google Play services to create IID tokens -->
32-->[com.an.biometric:biometric-auth:0.1.0] AndroidManifest.xml:15:5-74
32-->[com.an.biometric:biometric-auth:0.1.0] AndroidManifest.xml:15:22-71
33    <uses-permission android:name="com.google.android.c2dm.permission.RECEIVE" />
33-->[com.google.firebase:firebase-iid:20.1.2] AndroidManifest.xml:26:5-82
33-->[com.google.firebase:firebase-iid:20.1.2] AndroidManifest.xml:26:22-79
34    <uses-permission android:name="com.google.android.finsky.permission.BIND_GET_INSTALL_REFERRER_SERVICE" />
34-->[com.google.android.gms:play-services-measurement:17.2.3] AndroidManifest.xml:26:5-110
34-->[com.google.android.gms:play-services-measurement:17.2.3] AndroidManifest.xml:26:22-107
35
36    <application
36-->src\main\AndroidManifest.xml:17:5-61:19
37        android:name="com.preach.mentaldisorder.Utils.Application.ConsumerApplication"
37-->src\main\AndroidManifest.xml:18:9-87
38        android:allowBackup="false"
38-->src\main\AndroidManifest.xml:19:9-36
39        android:appComponentFactory="androidx.core.app.CoreComponentFactory"
39-->[androidx.core:core:1.2.0] AndroidManifest.xml:24:18-86
40        android:debuggable="true"
41        android:fullBackupOnly="false"
41-->src\main\AndroidManifest.xml:20:9-39
42        android:icon="@mipmap/ic_launcher"
42-->src\main\AndroidManifest.xml:21:9-43
43        android:label="@string/app_name"
43-->src\main\AndroidManifest.xml:22:9-41
44        android:roundIcon="@mipmap/ic_launcher"
44-->src\main\AndroidManifest.xml:23:9-48
45        android:supportsRtl="true"
45-->src\main\AndroidManifest.xml:24:9-35
46        android:theme="@style/AppTheme"
46-->src\main\AndroidManifest.xml:25:9-40
47        android:usesCleartextTraffic="true" >
47-->src\main\AndroidManifest.xml:26:9-44
48        <activity
48-->src\main\AndroidManifest.xml:29:9-33:52
49            android:name="com.smartserve.consumer.Views.activities.RegistrationActivity"
49-->src\main\AndroidManifest.xml:30:13-89
50            android:configChanges="uiMode"
50-->src\main\AndroidManifest.xml:31:13-43
51            android:theme="@style/AppThemeNoBar"
51-->src\main\AndroidManifest.xml:33:13-49
52            android:windowSoftInputMode="adjustPan" />
52-->src\main\AndroidManifest.xml:32:13-52
53        <!-- <activity -->
54        <!-- android:name="com.preach.mentaldisorder.Views.activities.MainActivity" -->
55        <!-- android:theme="@style/AppThemeNoBar" /> -->
56
57        <activity
57-->src\main\AndroidManifest.xml:38:9-49:20
58            android:name="com.smartserve.consumer.Views.activities.SplashActivity"
58-->src\main\AndroidManifest.xml:39:13-83
59            android:configChanges="uiMode"
59-->src\main\AndroidManifest.xml:40:13-43
60            android:screenOrientation="portrait"
60-->src\main\AndroidManifest.xml:41:13-49
61            android:theme="@style/Theme.AppCompat.Light.NoActionBar.FullScreen"
61-->src\main\AndroidManifest.xml:42:13-80
62            android:windowSoftInputMode="adjustPan" >
62-->src\main\AndroidManifest.xml:43:13-52
63            <intent-filter>
63-->src\main\AndroidManifest.xml:44:13-48:29
64                <action android:name="android.intent.action.MAIN" />
64-->src\main\AndroidManifest.xml:45:17-69
64-->src\main\AndroidManifest.xml:45:25-66
65                <action android:name="android.intent.action.VIEW" />
65-->src\main\AndroidManifest.xml:46:17-69
65-->src\main\AndroidManifest.xml:46:25-66
66
67                <category android:name="android.intent.category.LAUNCHER" />
67-->src\main\AndroidManifest.xml:47:17-77
67-->src\main\AndroidManifest.xml:47:27-74
68            </intent-filter>
69        </activity>
70        <activity
70-->src\main\AndroidManifest.xml:51:9-53:59
71            android:name="com.theartofdev.edmodo.cropper.CropImageActivity"
71-->src\main\AndroidManifest.xml:52:13-76
72            android:theme="@style/Base.Theme.AppCompat" />
72-->src\main\AndroidManifest.xml:53:13-56
73
74        <meta-data
74-->src\main\AndroidManifest.xml:55:9-57:57
75            android:name="com.google.android.geo.API_KEY"
75-->src\main\AndroidManifest.xml:56:13-58
76            android:value="@string/google_places_key" />
76-->src\main\AndroidManifest.xml:57:13-54
77        <meta-data
77-->src\main\AndroidManifest.xml:58:9-60:69
78            android:name="com.google.android.gms.version"
78-->src\main\AndroidManifest.xml:59:13-58
79            android:value="@integer/google_play_services_version" />
79-->src\main\AndroidManifest.xml:60:13-66
80
81        <activity
81-->[com.stripe:stripe-android:14.2.0] AndroidManifest.xml:12:9-14:57
82            android:name="com.stripe.android.view.AddPaymentMethodActivity"
82-->[com.stripe:stripe-android:14.2.0] AndroidManifest.xml:13:13-76
83            android:theme="@style/StripeDefaultTheme" />
83-->[com.stripe:stripe-android:14.2.0] AndroidManifest.xml:14:13-54
84        <activity
84-->[com.stripe:stripe-android:14.2.0] AndroidManifest.xml:15:9-17:57
85            android:name="com.stripe.android.view.PaymentMethodsActivity"
85-->[com.stripe:stripe-android:14.2.0] AndroidManifest.xml:16:13-74
86            android:theme="@style/StripeDefaultTheme" />
86-->[com.stripe:stripe-android:14.2.0] AndroidManifest.xml:17:13-54
87        <activity
87-->[com.stripe:stripe-android:14.2.0] AndroidManifest.xml:18:9-20:57
88            android:name="com.stripe.android.view.PaymentFlowActivity"
88-->[com.stripe:stripe-android:14.2.0] AndroidManifest.xml:19:13-71
89            android:theme="@style/StripeDefaultTheme" />
89-->[com.stripe:stripe-android:14.2.0] AndroidManifest.xml:20:13-54
90        <activity
90-->[com.stripe:stripe-android:14.2.0] AndroidManifest.xml:21:9-23:57
91            android:name="com.stripe.android.view.PaymentAuthWebViewActivity"
91-->[com.stripe:stripe-android:14.2.0] AndroidManifest.xml:22:13-78
92            android:theme="@style/StripeDefaultTheme" />
92-->[com.stripe:stripe-android:14.2.0] AndroidManifest.xml:23:13-54
93        <activity
93-->[com.stripe:stripe-android:14.2.0] AndroidManifest.xml:24:9-26:57
94            android:name="com.stripe.android.view.PaymentRelayActivity"
94-->[com.stripe:stripe-android:14.2.0] AndroidManifest.xml:25:13-72
95            android:theme="@style/StripeDefaultTheme" />
95-->[com.stripe:stripe-android:14.2.0] AndroidManifest.xml:26:13-54
96        <activity
96-->[com.stripe:stripe-android:14.2.0] AndroidManifest.xml:27:9-29:57
97            android:name="com.stripe.android.view.Stripe3ds2CompletionActivity"
97-->[com.stripe:stripe-android:14.2.0] AndroidManifest.xml:28:13-80
98            android:theme="@style/StripeDefaultTheme" />
98-->[com.stripe:stripe-android:14.2.0] AndroidManifest.xml:29:13-54
99        <activity
99-->[com.stripe:stripe-3ds2-android:2.7.2] AndroidManifest.xml:12:9-14:54
100            android:name="com.stripe.android.stripe3ds2.views.ChallengeActivity"
100-->[com.stripe:stripe-3ds2-android:2.7.2] AndroidManifest.xml:13:13-81
101            android:theme="@style/Stripe3DS2Theme" />
101-->[com.stripe:stripe-3ds2-android:2.7.2] AndroidManifest.xml:14:13-51
102        <activity
102-->[com.stripe:stripe-3ds2-android:2.7.2] AndroidManifest.xml:15:9-17:54
103            android:name="com.stripe.android.stripe3ds2.views.ChallengeProgressDialogActivity"
103-->[com.stripe:stripe-3ds2-android:2.7.2] AndroidManifest.xml:16:13-95
104            android:theme="@style/Stripe3DS2Theme" />
104-->[com.stripe:stripe-3ds2-android:2.7.2] AndroidManifest.xml:17:13-51
105        <activity
105-->[com.github.nguyenhoanglam:ImagePicker:1.3.0] AndroidManifest.xml:16:9-19:67
106            android:name="com.nguyenhoanglam.imagepicker.ui.imagepicker.ImagePickerActivity"
106-->[com.github.nguyenhoanglam:ImagePicker:1.3.0] AndroidManifest.xml:17:13-93
107            android:configChanges="orientation|screenSize"
107-->[com.github.nguyenhoanglam:ImagePicker:1.3.0] AndroidManifest.xml:18:13-59
108            android:theme="@style/imagepicker_ImagePickerTheme" />
108-->[com.github.nguyenhoanglam:ImagePicker:1.3.0] AndroidManifest.xml:19:13-64
109        <activity
109-->[com.github.nguyenhoanglam:ImagePicker:1.3.0] AndroidManifest.xml:20:9-23:62
110            android:name="com.nguyenhoanglam.imagepicker.ui.camera.CameraActivty"
110-->[com.github.nguyenhoanglam:ImagePicker:1.3.0] AndroidManifest.xml:21:13-82
111            android:screenOrientation="portrait"
111-->[com.github.nguyenhoanglam:ImagePicker:1.3.0] AndroidManifest.xml:22:13-49
112            android:theme="@style/imagepicker_CameraTheme" />
112-->[com.github.nguyenhoanglam:ImagePicker:1.3.0] AndroidManifest.xml:23:13-59
113
114        <provider
114-->[com.github.nguyenhoanglam:ImagePicker:1.3.0] AndroidManifest.xml:25:9-33:20
115            android:name="androidx.core.content.FileProvider"
115-->[com.github.nguyenhoanglam:ImagePicker:1.3.0] AndroidManifest.xml:26:13-62
116            android:authorities="com.smartserve.consumer.fileprovider"
116-->[com.github.nguyenhoanglam:ImagePicker:1.3.0] AndroidManifest.xml:27:13-64
117            android:exported="false"
117-->[com.github.nguyenhoanglam:ImagePicker:1.3.0] AndroidManifest.xml:28:13-37
118            android:grantUriPermissions="true" >
118-->[com.github.nguyenhoanglam:ImagePicker:1.3.0] AndroidManifest.xml:29:13-47
119            <meta-data
119-->[com.github.nguyenhoanglam:ImagePicker:1.3.0] AndroidManifest.xml:30:13-32:66
120                android:name="android.support.FILE_PROVIDER_PATHS"
120-->[com.github.nguyenhoanglam:ImagePicker:1.3.0] AndroidManifest.xml:31:17-67
121                android:resource="@xml/imagepicker_file_paths" />
121-->[com.github.nguyenhoanglam:ImagePicker:1.3.0] AndroidManifest.xml:32:17-63
122        </provider>
123
124        <meta-data
124-->[com.edwardvanraak:MaterialBarcodeScanner:0.0.6-ALPHA] AndroidManifest.xml:21:9-23:39
125            android:name="com.google.android.gms.vision.DEPENDENCIES"
125-->[com.edwardvanraak:MaterialBarcodeScanner:0.0.6-ALPHA] AndroidManifest.xml:22:13-70
126            android:value="barcode" />
126-->[com.edwardvanraak:MaterialBarcodeScanner:0.0.6-ALPHA] AndroidManifest.xml:23:13-36
127
128        <activity
128-->[com.edwardvanraak:MaterialBarcodeScanner:0.0.6-ALPHA] AndroidManifest.xml:25:9-29:20
129            android:name="com.edwardvanraak.materialbarcodescanner.MaterialBarcodeScannerActivity"
129-->[com.edwardvanraak:MaterialBarcodeScanner:0.0.6-ALPHA] AndroidManifest.xml:26:13-99
130            android:label="@string/library_name"
130-->[com.edwardvanraak:MaterialBarcodeScanner:0.0.6-ALPHA] AndroidManifest.xml:27:13-49
131            android:theme="@style/AppTheme.NoActionBar" >
131-->[com.edwardvanraak:MaterialBarcodeScanner:0.0.6-ALPHA] AndroidManifest.xml:28:13-56
132        </activity>
133        <activity
133-->[com.braintreepayments.api:drop-in:3.7.1] AndroidManifest.xml:18:9-20:62
134            android:name="com.braintreepayments.api.threedsecure.ThreeDSecureWebViewActivity"
134-->[com.braintreepayments.api:drop-in:3.7.1] AndroidManifest.xml:19:13-94
135            android:theme="@style/bt_three_d_secure_theme" />
135-->[com.braintreepayments.api:drop-in:3.7.1] AndroidManifest.xml:20:13-59
136        <activity
136-->[com.braintreepayments.api:drop-in:3.7.1] AndroidManifest.xml:21:9-23:64
137            android:name="com.braintreepayments.api.dropin.DropInActivity"
137-->[com.braintreepayments.api:drop-in:3.7.1] AndroidManifest.xml:22:13-75
138            android:theme="@style/bt_drop_in_activity_theme" />
138-->[com.braintreepayments.api:drop-in:3.7.1] AndroidManifest.xml:23:13-61
139        <activity
139-->[com.braintreepayments.api:drop-in:3.7.1] AndroidManifest.xml:24:9-26:65
140            android:name="com.braintreepayments.api.dropin.AddCardActivity"
140-->[com.braintreepayments.api:drop-in:3.7.1] AndroidManifest.xml:25:13-76
141            android:theme="@style/bt_add_card_activity_theme" />
141-->[com.braintreepayments.api:drop-in:3.7.1] AndroidManifest.xml:26:13-62
142        <activity
142-->[com.braintreepayments.api:drop-in:3.7.1] AndroidManifest.xml:27:9-29:70
143            android:name="com.braintreepayments.api.dropin.VaultManagerActivity"
143-->[com.braintreepayments.api:drop-in:3.7.1] AndroidManifest.xml:28:13-81
144            android:theme="@style/bt_vault_manager_activity_theme" />
144-->[com.braintreepayments.api:drop-in:3.7.1] AndroidManifest.xml:29:13-67
145        <activity
145-->[com.google.android.libraries.places:places:2.2.0] AndroidManifest.xml:14:9-20:20
146            android:name="com.google.android.libraries.places.widget.AutocompleteActivity"
146-->[com.google.android.libraries.places:places:2.2.0] AndroidManifest.xml:15:13-91
147            android:exported="false"
147-->[com.google.android.libraries.places:places:2.2.0] AndroidManifest.xml:16:13-37
148            android:label="@string/places_autocomplete_label"
148-->[com.google.android.libraries.places:places:2.2.0] AndroidManifest.xml:17:13-62
149            android:theme="@style/PlacesAutocompleteOverlay"
149-->[com.google.android.libraries.places:places:2.2.0] AndroidManifest.xml:18:13-61
150            android:windowSoftInputMode="adjustResize" >
150-->[com.google.android.libraries.places:places:2.2.0] AndroidManifest.xml:19:13-55
151        </activity>
152        <activity
152-->[com.facebook.android:facebook-common:5.15.3] AndroidManifest.xml:30:9-33:66
153            android:name="com.facebook.FacebookActivity"
153-->[com.facebook.android:facebook-common:5.15.3] AndroidManifest.xml:31:13-57
154            android:configChanges="keyboard|keyboardHidden|screenLayout|screenSize|orientation"
154-->[com.facebook.android:facebook-common:5.15.3] AndroidManifest.xml:32:13-96
155            android:theme="@style/com_facebook_activity_theme" />
155-->[com.facebook.android:facebook-common:5.15.3] AndroidManifest.xml:33:13-63
156        <activity android:name="com.facebook.CustomTabMainActivity" />
156-->[com.facebook.android:facebook-common:5.15.3] AndroidManifest.xml:34:9-71
156-->[com.facebook.android:facebook-common:5.15.3] AndroidManifest.xml:34:19-68
157        <activity
157-->[com.facebook.android:facebook-common:5.15.3] AndroidManifest.xml:35:9-49:20
158            android:name="com.facebook.CustomTabActivity"
158-->[com.facebook.android:facebook-common:5.15.3] AndroidManifest.xml:36:13-58
159            android:exported="true" >
159-->[com.facebook.android:facebook-common:5.15.3] AndroidManifest.xml:37:13-36
160            <intent-filter>
160-->[com.facebook.android:facebook-common:5.15.3] AndroidManifest.xml:39:13-48:29
161                <action android:name="android.intent.action.VIEW" />
161-->src\main\AndroidManifest.xml:46:17-69
161-->src\main\AndroidManifest.xml:46:25-66
162
163                <category android:name="android.intent.category.DEFAULT" />
163-->[com.facebook.android:facebook-common:5.15.3] AndroidManifest.xml:42:17-76
163-->[com.facebook.android:facebook-common:5.15.3] AndroidManifest.xml:42:27-73
164                <category android:name="android.intent.category.BROWSABLE" />
164-->[com.facebook.android:facebook-common:5.15.3] AndroidManifest.xml:43:17-78
164-->[com.facebook.android:facebook-common:5.15.3] AndroidManifest.xml:43:27-75
165
166                <data
166-->[com.facebook.android:facebook-common:5.15.3] AndroidManifest.xml:45:17-47:50
167                    android:host="cct.com.smartserve.consumer"
167-->[com.facebook.android:facebook-common:5.15.3] AndroidManifest.xml:46:21-56
168                    android:scheme="fbconnect" />
168-->[com.facebook.android:facebook-common:5.15.3] AndroidManifest.xml:47:21-47
169            </intent-filter>
170        </activity>
171        <activity
171-->[com.nabinbhandari.android:permissions:3.8] AndroidManifest.xml:12:9-14:67
172            android:name="com.nabinbhandari.android.permissions.PermissionsActivity"
172-->[com.nabinbhandari.android:permissions:3.8] AndroidManifest.xml:13:13-85
173            android:theme="@style/Permissions.TransparentTheme" />
173-->[com.nabinbhandari.android:permissions:3.8] AndroidManifest.xml:14:13-64
174
175        <service
175-->[io.nlopez.smartlocation:library:3.3.3] AndroidManifest.xml:19:9-21:40
176            android:name="io.nlopez.smartlocation.activity.providers.ActivityGooglePlayServicesProvider$ActivityRecognitionService"
176-->[io.nlopez.smartlocation:library:3.3.3] AndroidManifest.xml:20:13-132
177            android:exported="false" />
177-->[io.nlopez.smartlocation:library:3.3.3] AndroidManifest.xml:21:13-37
178        <service
178-->[io.nlopez.smartlocation:library:3.3.3] AndroidManifest.xml:22:9-24:40
179            android:name="io.nlopez.smartlocation.geofencing.providers.GeofencingGooglePlayServicesProvider$GeofencingService"
179-->[io.nlopez.smartlocation:library:3.3.3] AndroidManifest.xml:23:13-127
180            android:exported="false" />
180-->[io.nlopez.smartlocation:library:3.3.3] AndroidManifest.xml:24:13-37
181        <service
181-->[io.nlopez.smartlocation:library:3.3.3] AndroidManifest.xml:25:9-27:40
182            android:name="io.nlopez.smartlocation.geocoding.providers.AndroidGeocodingProvider$AndroidGeocodingService"
182-->[io.nlopez.smartlocation:library:3.3.3] AndroidManifest.xml:26:13-120
183            android:exported="false" />
183-->[io.nlopez.smartlocation:library:3.3.3] AndroidManifest.xml:27:13-37
184
185        <activity
185-->[com.twitter.sdk.android:tweet-ui:3.1.1] AndroidManifest.xml:28:9-31:49
186            android:name="com.twitter.sdk.android.tweetui.PlayerActivity"
186-->[com.twitter.sdk.android:tweet-ui:3.1.1] AndroidManifest.xml:29:13-74
187            android:configChanges="keyboardHidden|orientation|screenSize"
187-->[com.twitter.sdk.android:tweet-ui:3.1.1] AndroidManifest.xml:30:13-74
188            android:theme="@style/MediaTheme" />
188-->[com.twitter.sdk.android:tweet-ui:3.1.1] AndroidManifest.xml:31:13-46
189        <activity
189-->[com.twitter.sdk.android:tweet-ui:3.1.1] AndroidManifest.xml:32:9-34:49
190            android:name="com.twitter.sdk.android.tweetui.GalleryActivity"
190-->[com.twitter.sdk.android:tweet-ui:3.1.1] AndroidManifest.xml:33:13-75
191            android:theme="@style/MediaTheme" />
191-->[com.twitter.sdk.android:tweet-ui:3.1.1] AndroidManifest.xml:34:13-46
192        <activity
192-->[com.twitter.sdk.android:tweet-composer:3.1.1] AndroidManifest.xml:28:9-31:71
193            android:name="com.twitter.sdk.android.tweetcomposer.ComposerActivity"
193-->[com.twitter.sdk.android:tweet-composer:3.1.1] AndroidManifest.xml:29:13-82
194            android:exported="false"
194-->[com.twitter.sdk.android:tweet-composer:3.1.1] AndroidManifest.xml:30:13-37
195            android:windowSoftInputMode="adjustResize|stateVisible" />
195-->[com.twitter.sdk.android:tweet-composer:3.1.1] AndroidManifest.xml:31:13-68
196
197        <service
197-->[com.twitter.sdk.android:tweet-composer:3.1.1] AndroidManifest.xml:33:9-36:40
198            android:name="com.twitter.sdk.android.tweetcomposer.TweetUploadService"
198-->[com.twitter.sdk.android:tweet-composer:3.1.1] AndroidManifest.xml:34:13-84
199            android:enabled="true"
199-->[com.twitter.sdk.android:tweet-composer:3.1.1] AndroidManifest.xml:35:13-35
200            android:exported="false" />
200-->[com.twitter.sdk.android:tweet-composer:3.1.1] AndroidManifest.xml:36:13-37
201
202        <activity
202-->[com.twitter.sdk.android:twitter-core:3.1.1] AndroidManifest.xml:28:9-32:40
203            android:name="com.twitter.sdk.android.core.identity.OAuthActivity"
203-->[com.twitter.sdk.android:twitter-core:3.1.1] AndroidManifest.xml:29:13-79
204            android:configChanges="orientation|screenSize"
204-->[com.twitter.sdk.android:twitter-core:3.1.1] AndroidManifest.xml:30:13-59
205            android:excludeFromRecents="true"
205-->[com.twitter.sdk.android:twitter-core:3.1.1] AndroidManifest.xml:31:13-46
206            android:exported="false" />
206-->[com.twitter.sdk.android:twitter-core:3.1.1] AndroidManifest.xml:32:13-37
207        <activity
207-->[com.twitter.sdk.android:twitter-mopub:3.1.1] AndroidManifest.xml:28:9-30:77
208            android:name="com.mopub.mobileads.MoPubActivity"
208-->[com.twitter.sdk.android:twitter-mopub:3.1.1] AndroidManifest.xml:29:13-61
209            android:configChanges="keyboardHidden|orientation|screenSize" />
209-->[com.twitter.sdk.android:twitter-mopub:3.1.1] AndroidManifest.xml:30:13-74
210        <activity
210-->[com.twitter.sdk.android:twitter-mopub:3.1.1] AndroidManifest.xml:31:9-33:77
211            android:name="com.mopub.mobileads.MraidActivity"
211-->[com.twitter.sdk.android:twitter-mopub:3.1.1] AndroidManifest.xml:32:13-61
212            android:configChanges="keyboardHidden|orientation|screenSize" />
212-->[com.twitter.sdk.android:twitter-mopub:3.1.1] AndroidManifest.xml:33:13-74
213        <activity
213-->[com.twitter.sdk.android:twitter-mopub:3.1.1] AndroidManifest.xml:34:9-36:77
214            android:name="com.mopub.common.MoPubBrowser"
214-->[com.twitter.sdk.android:twitter-mopub:3.1.1] AndroidManifest.xml:35:13-57
215            android:configChanges="keyboardHidden|orientation|screenSize" />
215-->[com.twitter.sdk.android:twitter-mopub:3.1.1] AndroidManifest.xml:36:13-74
216        <activity
216-->[com.twitter.sdk.android:twitter-mopub:3.1.1] AndroidManifest.xml:37:9-39:77
217            android:name="com.mopub.mobileads.MraidVideoPlayerActivity"
217-->[com.twitter.sdk.android:twitter-mopub:3.1.1] AndroidManifest.xml:38:13-72
218            android:configChanges="keyboardHidden|orientation|screenSize" />
218-->[com.twitter.sdk.android:twitter-mopub:3.1.1] AndroidManifest.xml:39:13-74
219        <!--
220             FirebaseMessagingService performs security checks at runtime,
221             but set to not exported to explicitly avoid allowing another app to call it.
222        -->
223        <service
223-->[com.google.firebase:firebase-messaging:20.1.3] AndroidManifest.xml:28:9-34:19
224            android:name="com.google.firebase.messaging.FirebaseMessagingService"
224-->[com.google.firebase:firebase-messaging:20.1.3] AndroidManifest.xml:29:13-82
225            android:exported="false" >
225-->[com.google.firebase:firebase-messaging:20.1.3] AndroidManifest.xml:30:13-37
226            <intent-filter android:priority="-500" >
226-->[com.google.firebase:firebase-messaging:20.1.3] AndroidManifest.xml:31:13-33:29
226-->[com.google.firebase:firebase-messaging:20.1.3] AndroidManifest.xml:31:28-51
227                <action android:name="com.google.firebase.MESSAGING_EVENT" />
227-->[com.google.firebase:firebase-messaging:20.1.3] AndroidManifest.xml:32:17-78
227-->[com.google.firebase:firebase-messaging:20.1.3] AndroidManifest.xml:32:25-75
228            </intent-filter>
229        </service>
230        <service
230-->[com.google.firebase:firebase-messaging:20.1.3] AndroidManifest.xml:35:9-41:19
231            android:name="com.google.firebase.components.ComponentDiscoveryService"
231-->[com.google.firebase:firebase-messaging:20.1.3] AndroidManifest.xml:36:13-84
232            android:directBootAware="true"
232-->[com.google.firebase:firebase-common:19.3.0] AndroidManifest.xml:34:13-43
233            android:exported="false" >
233-->[com.google.firebase:firebase-messaging:20.1.3] AndroidManifest.xml:37:13-37
234            <meta-data
234-->[com.google.firebase:firebase-messaging:20.1.3] AndroidManifest.xml:38:13-40:85
235                android:name="com.google.firebase.components:com.google.firebase.messaging.FirebaseMessagingRegistrar"
235-->[com.google.firebase:firebase-messaging:20.1.3] AndroidManifest.xml:39:17-119
236                android:value="com.google.firebase.components.ComponentRegistrar" />
236-->[com.google.firebase:firebase-messaging:20.1.3] AndroidManifest.xml:40:17-82
237            <meta-data
237-->[com.google.firebase:firebase-auth:19.3.0] AndroidManifest.xml:36:13-38:85
238                android:name="com.google.firebase.components:com.google.firebase.auth.FirebaseAuthRegistrar"
238-->[com.google.firebase:firebase-auth:19.3.0] AndroidManifest.xml:37:17-109
239                android:value="com.google.firebase.components.ComponentRegistrar" />
239-->[com.google.firebase:firebase-auth:19.3.0] AndroidManifest.xml:38:17-82
240            <meta-data
240-->[com.google.firebase:firebase-perf:19.0.8] AndroidManifest.xml:34:13-36:85
241                android:name="com.google.firebase.components:com.google.firebase.perf.FirebasePerfRegistrar"
241-->[com.google.firebase:firebase-perf:19.0.8] AndroidManifest.xml:35:17-109
242                android:value="com.google.firebase.components.ComponentRegistrar" />
242-->[com.google.firebase:firebase-perf:19.0.8] AndroidManifest.xml:36:17-82
243            <meta-data
243-->[com.google.android.gms:play-services-measurement-api:17.2.3] AndroidManifest.xml:30:13-32:85
244                android:name="com.google.firebase.components:com.google.firebase.analytics.connector.internal.AnalyticsConnectorRegistrar"
244-->[com.google.android.gms:play-services-measurement-api:17.2.3] AndroidManifest.xml:31:17-139
245                android:value="com.google.firebase.components.ComponentRegistrar" />
245-->[com.google.android.gms:play-services-measurement-api:17.2.3] AndroidManifest.xml:32:17-82
246            <meta-data
246-->[com.google.firebase:firebase-iid:20.1.2] AndroidManifest.xml:32:13-34:85
247                android:name="com.google.firebase.components:com.google.firebase.iid.Registrar"
247-->[com.google.firebase:firebase-iid:20.1.2] AndroidManifest.xml:33:17-96
248                android:value="com.google.firebase.components.ComponentRegistrar" />
248-->[com.google.firebase:firebase-iid:20.1.2] AndroidManifest.xml:34:17-82
249            <meta-data
249-->[com.google.firebase:firebase-datatransport:17.0.3] AndroidManifest.xml:28:13-30:85
250                android:name="com.google.firebase.components:com.google.firebase.datatransport.TransportRegistrar"
250-->[com.google.firebase:firebase-datatransport:17.0.3] AndroidManifest.xml:29:17-115